chodi_login/build/app/intermediates/manifest_merge_blame_file/debug/manifest-merger-blame-debug-report.txt
1<?xml version="1.0" encoding="utf-8"?>
2<manifest xmlns:android="http://schemas.android.com/apk/res/android"
3    package="com.example.test_app"
4    android:versionCode="1"
5    android:versionName="1.0.0" >
6
7    <uses-sdk
8        android:minSdkVersion="19"
9        android:targetSdkVersion="31" />
10    <!--
11         Flutter needs it to communicate with the running application
12         to allow setting breakpoints, to provide hot reload, etc.
13    -->
14    <uses-permission android:name="android.permission.INTERNET" />
14-->src\debug\AndroidManifest.xml:6:5-66
14-->src\debug\AndroidManifest.xml:6:22-64
15    <uses-permission android:name="android.permission.ACCESS_NETWORK_STATE" />
15-->[com.google.firebase:firebase-auth:21.0.1] AndroidManifest.xml:24:5-79
15-->[com.google.firebase:firebase-auth:21.0.1] AndroidManifest.xml:24:22-76
16    <uses-permission android:name="android.permission.WAKE_LOCK" />
16-->[com.google.android.gms:play-services-measurement-api:20.1.0] AndroidManifest.xml:24:5-68
16-->[com.google.android.gms:play-services-measurement-api:20.1.0] AndroidManifest.xml:24:22-65
17    <uses-permission android:name="com.google.android.finsky.permission.BIND_GET_INSTALL_REFERRER_SERVICE" /> <!-- Include required permissions for Advertising Id -->
17-->[com.google.android.gms:play-services-measurement:20.1.0] AndroidManifest.xml:26:5-110
17-->[com.google.android.gms:play-services-measurement:20.1.0] AndroidManifest.xml:26:22-107
18    <uses-permission android:name="com.google.android.gms.permission.AD_ID" />
18-->[com.google.android.gms:play-services-ads-identifier:18.0.0] AndroidManifest.xml:23:5-79
18-->[com.google.android.gms:play-services-ads-identifier:18.0.0] AndroidManifest.xml:23:22-76
19
20    <application
21        android:name="android.app.Application"
22        android:appComponentFactory="androidx.core.app.CoreComponentFactory"
22-->[androidx.core:core:1.6.0] AndroidManifest.xml:24:18-86
23        android:debuggable="true"
24        android:icon="@mipmap/ic_launcher"
25        android:label="flutter_chodi_app" >
26        <activity
27            android:name="com.example.flutter_chodi_app.MainActivity"
28            android:configChanges="orientation|keyboardHidden|keyboard|screenSize|smallestScreenSize|locale|layoutDirection|fontScale|screenLayout|density|uiMode"
29            android:exported="true"
30            android:hardwareAccelerated="true"
31            android:launchMode="singleTop"
32            android:theme="@style/LaunchTheme"
33            android:windowSoftInputMode="adjustResize" >
34
35            <!--
36                 Specifies an Android theme to apply to this Activity as soon as
37                 the Android process has started. This theme is visible to the user
38                 while the Flutter UI initializes. After that, this theme continues
39                 to determine the Window background behind the Flutter UI.
40            -->
41            <meta-data
42                android:name="io.flutter.embedding.android.NormalTheme"
43                android:resource="@style/NormalTheme" />
44
45            <intent-filter>
46                <action android:name="android.intent.action.MAIN" />
47
48                <category android:name="android.intent.category.LAUNCHER" />
49            </intent-filter>
50        </activity>
51        <!--
52             Don't delete the meta-data below.
53             This is used by the Flutter tool to generate GeneratedPluginRegistrant.java
54        -->
55        <meta-data
56            android:name="flutterEmbedding"
57            android:value="2" />
58
59        <service
59-->[:firebase_auth] AndroidManifest.xml:8:9-12:19
60            android:name="com.google.firebase.components.ComponentDiscoveryService"
60-->[:firebase_auth] AndroidManifest.xml:8:18-89
61            android:directBootAware="true"
61-->[com.google.firebase:firebase-common:20.0.0] AndroidManifest.xml:35:13-43
62            android:exported="false" >
62-->[com.google.firebase:firebase-auth:21.0.1] AndroidManifest.xml:76:13-37
63            <meta-data
63-->[:firebase_auth] AndroidManifest.xml:9:13-11:85
64                android:name="com.google.firebase.components:io.flutter.plugins.firebase.auth.FlutterFirebaseAuthRegistrar"
64-->[:firebase_auth] AndroidManifest.xml:10:17-124
65                android:value="com.google.firebase.components.ComponentRegistrar" />
65-->[:firebase_auth] AndroidManifest.xml:11:17-82
66            <meta-data
66-->[:cloud_firestore] AndroidManifest.xml:9:13-11:85
67                android:name="com.google.firebase.components:io.flutter.plugins.firebase.firestore.FlutterFirebaseFirestoreRegistrar"
67-->[:cloud_firestore] AndroidManifest.xml:10:17-134
68                android:value="com.google.firebase.components.ComponentRegistrar" />
68-->[:cloud_firestore] AndroidManifest.xml:11:17-82
69            <meta-data
69-->[:firebase_core] AndroidManifest.xml:9:13-11:85
70                android:name="com.google.firebase.components:io.flutter.plugins.firebase.core.FlutterFirebaseCoreRegistrar"
70-->[:firebase_core] AndroidManifest.xml:10:17-124
71                android:value="com.google.firebase.components.ComponentRegistrar" />
71-->[:firebase_core] AndroidManifest.xml:11:17-82
72            <meta-data
72-->[com.google.firebase:firebase-auth:21.0.1] AndroidManifest.xml:77:13-79:85
73                android:name="com.google.firebase.components:com.google.firebase.auth.FirebaseAuthRegistrar"
73-->[com.google.firebase:firebase-auth:21.0.1] AndroidManifest.xml:78:17-109
74                android:value="com.google.firebase.components.ComponentRegistrar" />
74-->[com.google.firebase:firebase-auth:21.0.1] AndroidManifest.xml:79:17-82
75            <meta-data
75-->[com.google.firebase:firebase-firestore:24.0.1] AndroidManifest.xml:20:13-22:85
76                android:name="com.google.firebase.components:com.google.firebase.firestore.FirestoreRegistrar"
76-->[com.google.firebase:firebase-firestore:24.0.1] AndroidManifest.xml:21:17-111
77                android:value="com.google.firebase.components.ComponentRegistrar" />
77-->[com.google.firebase:firebase-firestore:24.0.1] AndroidManifest.xml:22:17-82
78            <meta-data
78-->[com.google.android.gms:play-services-measurement-api:20.1.0] AndroidManifest.xml:30:13-32:85
79                android:name="com.google.firebase.components:com.google.firebase.analytics.connector.internal.AnalyticsConnectorRegistrar"
79-->[com.google.android.gms:play-services-measurement-api:20.1.0] AndroidManifest.xml:31:17-139
80                android:value="com.google.firebase.components.ComponentRegistrar" />
80-->[com.google.android.gms:play-services-measurement-api:20.1.0] AndroidManifest.xml:32:17-82
81            <meta-data
81-->[com.google.firebase:firebase-installations:17.0.0] AndroidManifest.xml:18:13-20:85
82                android:name="com.google.firebase.components:com.google.firebase.installations.FirebaseInstallationsRegistrar"
82-->[com.google.firebase:firebase-installations:17.0.0] AndroidManifest.xml:19:17-127
83                android:value="com.google.firebase.components.ComponentRegistrar" />
83-->[com.google.firebase:firebase-installations:17.0.0] AndroidManifest.xml:20:17-82
84        </service>
85
86        <uses-library
86-->[androidx.window:window:1.0.0-beta04] AndroidManifest.xml:25:9-27:40
87            android:name="androidx.window.extensions"
87-->[androidx.window:window:1.0.0-beta04] AndroidManifest.xml:26:13-54
88            android:required="false" />
88-->[androidx.window:window:1.0.0-beta04] AndroidManifest.xml:27:13-37
89        <uses-library
89-->[androidx.window:window:1.0.0-beta04] AndroidManifest.xml:28:9-30:40
90            android:name="androidx.window.sidecar"
90-->[androidx.window:window:1.0.0-beta04] AndroidManifest.xml:29:13-51
91            android:required="false" />
91-->[androidx.window:window:1.0.0-beta04] AndroidManifest.xml:30:13-37
92
93        <activity
93-->[com.google.firebase:firebase-auth:21.0.1] AndroidManifest.xml:27:9-44:20
94            android:name="com.google.firebase.auth.internal.GenericIdpActivity"
94-->[com.google.firebase:firebase-auth:21.0.1] AndroidManifest.xml:28:13-80
95            android:excludeFromRecents="true"
95-->[com.google.firebase:firebase-auth:21.0.1] AndroidManifest.xml:29:13-46
96            android:exported="true"
96-->[com.google.firebase:firebase-auth:21.0.1] AndroidManifest.xml:30:13-36
97            android:launchMode="singleTask"
97-->[com.google.firebase:firebase-auth:21.0.1] AndroidManifest.xml:31:13-44
98            android:theme="@android:style/Theme.Translucent.NoTitleBar" >
98-->[com.google.firebase:firebase-auth:21.0.1] AndroidManifest.xml:32:13-72
99            <intent-filter>
99-->[com.google.firebase:firebase-auth:21.0.1] AndroidManifest.xml:33:13-43:29
100                <action android:name="android.intent.action.VIEW" />
100-->[com.google.firebase:firebase-auth:21.0.1] AndroidManifest.xml:34:17-69
100-->[com.google.firebase:firebase-auth:21.0.1] AndroidManifest.xml:34:25-66
101
102                <category android:name="android.intent.category.DEFAULT" />
102-->[com.google.firebase:firebase-auth:21.0.1] AndroidManifest.xml:36:17-76
102-->[com.google.firebase:firebase-auth:21.0.1] AndroidManifest.xml:36:27-73
103                <category android:name="android.intent.category.BROWSABLE" />
103-->[com.google.firebase:firebase-auth:21.0.1] AndroidManifest.xml:37:17-78
103-->[com.google.firebase:firebase-auth:21.0.1] AndroidManifest.xml:37:27-75
104
105                <data
105-->[com.google.firebase:firebase-auth:21.0.1] AndroidManifest.xml:39:17-42:51
106                    android:host="firebase.auth"
106-->[com.google.firebase:firebase-auth:21.0.1] AndroidManifest.xml:40:21-49
107                    android:path="/"
107-->[com.google.firebase:firebase-auth:21.0.1] AndroidManifest.xml:41:21-37
108                    android:scheme="genericidp" />
108-->[com.google.firebase:firebase-auth:21.0.1] AndroidManifest.xml:42:21-48
109            </intent-filter>
110        </activity>
111        <activity
111-->[com.google.firebase:firebase-auth:21.0.1] AndroidManifest.xml:45:9-62:20
112            android:name="com.google.firebase.auth.internal.RecaptchaActivity"
112-->[com.google.firebase:firebase-auth:21.0.1] AndroidManifest.xml:46:13-79
113            android:excludeFromRecents="true"
113-->[com.google.firebase:firebase-auth:21.0.1] AndroidManifest.xml:47:13-46
114            android:exported="true"
114-->[com.google.firebase:firebase-auth:21.0.1] AndroidManifest.xml:48:13-36
115            android:launchMode="singleTask"
115-->[com.google.firebase:firebase-auth:21.0.1] AndroidManifest.xml:49:13-44
116            android:theme="@android:style/Theme.Translucent.NoTitleBar" >
116-->[com.google.firebase:firebase-auth:21.0.1] AndroidManifest.xml:50:13-72
117            <intent-filter>
117-->[com.google.firebase:firebase-auth:21.0.1] AndroidManifest.xml:51:13-61:29
118                <action android:name="android.intent.action.VIEW" />
118-->[com.google.firebase:firebase-auth:21.0.1] AndroidManifest.xml:34:17-69
118-->[com.google.firebase:firebase-auth:21.0.1] AndroidManifest.xml:34:25-66
119
120                <category android:name="android.intent.category.DEFAULT" />
120-->[com.google.firebase:firebase-auth:21.0.1] AndroidManifest.xml:36:17-76
120-->[com.google.firebase:firebase-auth:21.0.1] AndroidManifest.xml:36:27-73
121                <category android:name="android.intent.category.BROWSABLE" />
121-->[com.google.firebase:firebase-auth:21.0.1] AndroidManifest.xml:37:17-78
121-->[com.google.firebase:firebase-auth:21.0.1] AndroidManifest.xml:37:27-75
122
123                <data
123-->[com.google.firebase:firebase-auth:21.0.1] AndroidManifest.xml:39:17-42:51
124                    android:host="firebase.auth"
124-->[com.google.firebase:firebase-auth:21.0.1] AndroidManifest.xml:40:21-49
125                    android:path="/"
125-->[com.google.firebase:firebase-auth:21.0.1] AndroidManifest.xml:41:21-37
126                    android:scheme="recaptcha" />
126-->[com.google.firebase:firebase-auth:21.0.1] AndroidManifest.xml:42:21-48
127            </intent-filter>
128        </activity>
129
130        <service
130-->[com.google.firebase:firebase-auth:21.0.1] AndroidManifest.xml:64:9-73:19
131            android:name="com.google.firebase.auth.api.fallback.service.FirebaseAuthFallbackService"
131-->[com.google.firebase:firebase-auth:21.0.1] AndroidManifest.xml:65:13-101
132            android:enabled="true"
132-->[com.google.firebase:firebase-auth:21.0.1] AndroidManifest.xml:66:13-35
133            android:exported="false" >
133-->[com.google.firebase:firebase-auth:21.0.1] AndroidManifest.xml:67:13-37
134            <intent-filter>
134-->[com.google.firebase:firebase-auth:21.0.1] AndroidManifest.xml:68:13-72:29
135                <action android:name="com.google.firebase.auth.api.gms.service.START" />
135-->[com.google.firebase:firebase-auth:21.0.1] AndroidManifest.xml:69:17-89
135-->[com.google.firebase:firebase-auth:21.0.1] AndroidManifest.xml:69:25-86
136
137                <category android:name="android.intent.category.DEFAULT" />
137-->[com.google.firebase:firebase-auth:21.0.1] AndroidManifest.xml:36:17-76
137-->[com.google.firebase:firebase-auth:21.0.1] AndroidManifest.xml:36:27-73
138            </intent-filter>
139        </service>
140
141        <provider
141-->[com.google.firebase:firebase-common:20.0.0] AndroidManifest.xml:26:9-31:39
142            android:name="com.google.firebase.provider.FirebaseInitProvider"
142-->[com.google.firebase:firebase-common:20.0.0] AndroidManifest.xml:27:13-77
143            android:authorities="com.example.test_app.firebaseinitprovider"
143-->[com.google.firebase:firebase-common:20.0.0] AndroidManifest.xml:28:13-72
144            android:directBootAware="true"
144-->[com.google.firebase:firebase-common:20.0.0] AndroidManifest.xml:29:13-43
145            android:exported="false"
145-->[com.google.firebase:firebase-common:20.0.0] AndroidManifest.xml:30:13-37
146            android:initOrder="100" />
146-->[com.google.firebase:firebase-common:20.0.0] AndroidManifest.xml:31:13-36
147
148        <activity
148-->[com.google.android.gms:play-services-auth:20.0.1] AndroidManifest.xml:23:9-27:75
149            android:name="com.google.android.gms.auth.api.signin.internal.SignInHubActivity"
149-->[com.google.android.gms:play-services-auth:20.0.1] AndroidManifest.xml:24:13-93
150            android:excludeFromRecents="true"
150-->[com.google.android.gms:play-services-auth:20.0.1] AndroidManifest.xml:25:13-46
151            android:exported="false"
151-->[com.google.android.gms:play-services-auth:20.0.1] AndroidManifest.xml:26:13-37
152            android:theme="@android:style/Theme.Translucent.NoTitleBar" />
152-->[com.google.android.gms:play-services-auth:20.0.1] AndroidManifest.xml:27:13-72
153        <!--
154            Service handling Google Sign-In user revocation. For apps that do not integrate with
155            Google Sign-In, this service will never be started.
156        -->
157        <service
157-->[com.google.android.gms:play-services-auth:20.0.1] AndroidManifest.xml:33:9-37:51
158            android:name="com.google.android.gms.auth.api.signin.RevocationBoundService"
158-->[com.google.android.gms:play-services-auth:20.0.1] AndroidManifest.xml:34:13-89
159            android:exported="true"
159-->[com.google.android.gms:play-services-auth:20.0.1] AndroidManifest.xml:35:13-36
160            android:permission="com.google.android.gms.auth.api.signin.permission.REVOCATION_NOTIFICATION"
160-->[com.google.android.gms:play-services-auth:20.0.1] AndroidManifest.xml:36:13-107
161            android:visibleToInstantApps="true" />
161-->[com.google.android.gms:play-services-auth:20.0.1] AndroidManifest.xml:37:13-48
162
163        <activity
163-->[com.google.android.gms:play-services-base:18.0.1] AndroidManifest.xml:20:9-22:45
164            android:name="com.google.android.gms.common.api.GoogleApiActivity"
164-->[com.google.android.gms:play-services-base:18.0.1] AndroidManifest.xml:20:19-85
165            android:exported="false"
165-->[com.google.android.gms:play-services-base:18.0.1] AndroidManifest.xml:22:19-43
166            android:theme="@android:style/Theme.Translucent.NoTitleBar" />
166-->[com.google.android.gms:play-services-base:18.0.1] AndroidManifest.xml:21:19-78
167
168        <receiver
168-->[com.google.android.gms:play-services-measurement:20.1.0] AndroidManifest.xml:29:9-33:20
169            android:name="com.google.android.gms.measurement.AppMeasurementReceiver"
169-->[com.google.android.gms:play-services-measurement:20.1.0] AndroidManifest.xml:30:13-85
170            android:enabled="true"
170-->[com.google.android.gms:play-services-measurement:20.1.0] AndroidManifest.xml:31:13-35
171            android:exported="false" >
171-->[com.google.android.gms:play-services-measurement:20.1.0] AndroidManifest.xml:32:13-37
172        </receiver>
173
174        <service
174-->[com.google.android.gms:play-services-measurement:20.1.0] AndroidManifest.xml:35:9-38:40
175            android:name="com.google.android.gms.measurement.AppMeasurementService"
175-->[com.google.android.gms:play-services-measurement:20.1.0] AndroidManifest.xml:36:13-84
176            android:enabled="true"
176-->[com.google.android.gms:play-services-measurement:20.1.0] AndroidManifest.xml:37:13-35
177            android:exported="false" />
177-->[com.google.android.gms:play-services-measurement:20.1.0] AndroidManifest.xml:38:13-37
178        <service
178-->[com.google.android.gms:play-services-measurement:20.1.0] AndroidManifest.xml:39:9-43:72
179            android:name="com.google.android.gms.measurement.AppMeasurementJobService"
179-->[com.google.android.gms:play-services-measurement:20.1.0] AndroidManifest.xml:40:13-87
180            android:enabled="true"
180-->[com.google.android.gms:play-services-measurement:20.1.0] AndroidManifest.xml:41:13-35
181            android:exported="false"
181-->[com.google.android.gms:play-services-measurement:20.1.0] AndroidManifest.xml:42:13-37
182            android:permission="android.permission.BIND_JOB_SERVICE" />
182-->[com.google.android.gms:play-services-measurement:20.1.0] AndroidManifest.xml:43:13-69
183
184        <meta-data
184-->[com.google.android.gms:play-services-basement:18.0.0] AndroidManifest.xml:21:9-23:69
185            android:name="com.google.android.gms.version"
185-->[com.google.android.gms:play-services-basement:18.0.0] AndroidManifest.xml:22:13-58
186            android:value="@integer/google_play_services_version" />
186-->[com.google.android.gms:play-services-basement:18.0.0] AndroidManifest.xml:23:13-66
187    </application>
188
189</manifest>